[INFO  - 2016-10-13T22:33:40.256Z] GhostDriver - Main - running on port 64776
[INFO  - 2016-10-13T22:33:40.523Z] Session [171add50-9195-11e6-869f-cda5455e265a] - page.settings - {"XSSAuditingEnabled":false,"javascriptCanCloseWindows":true,"javascriptCanOpenWindows":true,"javascriptEnabled":true,"loadImages":true,"localToRemoteUrlAccessEnabled":false,"userAgent":"Mozilla/5.0 (Macintosh; Intel Mac OS X) AppleWebKit/538.1 (KHTML, like Gecko) PhantomJS/2.1.1 Safari/538.1","webSecurityEnabled":true}
[INFO  - 2016-10-13T22:33:40.523Z] Session [171add50-9195-11e6-869f-cda5455e265a] - page.customHeaders:  - {}
[INFO  - 2016-10-13T22:33:40.523Z] Session [171add50-9195-11e6-869f-cda5455e265a] - Session.negotiatedCapabilities - {"browserName":"phantomjs","version":"2.1.1","driverName":"ghostdriver","driverVersion":"1.2.0","platform":"mac-unknown-64bit","javascriptEnabled":true,"takesScreenshot":true,"handlesAlerts":false,"databaseEnabled":false,"locationContextEnabled":false,"applicationCacheEnabled":false,"browserConnectionEnabled":false,"cssSelectorsEnabled":true,"webStorageEnabled":false,"rotatable":false,"acceptSslCerts":false,"nativeEvents":true,"proxy":{"proxyType":"direct"},"phantomjs.page.settings.loadImages":true}
[INFO  - 2016-10-13T22:33:40.523Z] SessionManagerReqHand - _postNewSessionCommand - New Session Created: 171add50-9195-11e6-869f-cda5455e265a
[ERROR - 2016-10-13T22:34:23.643Z] Session [171add50-9195-11e6-869f-cda5455e265a] - page.onError - msg: TypeError: undefined is not an object (evaluating 'this.el.addEventListener')

  phantomjs://platform/console++.js:263 in error
[ERROR - 2016-10-13T22:34:23.643Z] Session [171add50-9195-11e6-869f-cda5455e265a] - page.onError - stack:
  on (https://www.apple.com/v/iphone-7/c/built/scripts/main.built.js:4283)
  k (https://www.apple.com/v/iphone-7/c/built/scripts/main.built.js:4662)
  create (https://www.apple.com/v/iphone-7/c/built/scripts/main.built.js:4696)
  p (https://www.apple.com/v/iphone-7/c/built/scripts/main.built.js:4306)
  f (https://www.apple.com/v/iphone-7/c/built/scripts/main.built.js:4417)
  c (https://www.apple.com/v/iphone-7/c/built/scripts/main.built.js:2046)
  a (https://www.apple.com/v/iphone-7/c/built/scripts/main.built.js:2053)
  _createPlayerInstance (https://www.apple.com/v/iphone-7/c/built/scripts/main.built.js:4992)
  i (https://www.apple.com/v/iphone-7/c/built/scripts/main.built.js:4988)
  addComponentOfType (https://www.apple.com/v/iphone-7/c/built/scripts/main.built.js:2813)
  setupComponents (https://www.apple.com/v/iphone-7/c/built/scripts/main.built.js:2810)
  l (https://www.apple.com/v/iphone-7/c/built/scripts/main.built.js:2797)
  setupSections (https://www.apple.com/v/iphone-7/c/built/scripts/main.built.js:2746)
  setupSections (https://www.apple.com/v/iphone-7/c/built/scripts/main.built.js:770)
  i (https://www.apple.com/v/iphone-7/c/built/scripts/main.built.js:2724)
  h (https://www.apple.com/v/iphone-7/c/built/scripts/main.built.js:756)
  b (https://www.apple.com/v/iphone-7/c/built/scripts/main.built.js:5519)
  initialize (https://www.apple.com/v/iphone-7/c/built/scripts/main.built.js:5439)
  (anonymous function) (https://www.apple.com/v/iphone-7/c/built/scripts/main.built.js:5451)
  c (https://www.apple.com/v/iphone-7/c/built/scripts/main.built.js:3)
  e (https://www.apple.com/v/iphone-7/c/built/scripts/main.built.js:5)

  phantomjs://platform/console++.js:263 in error
[ERROR - 2016-10-13T22:34:25.889Z] Session [171add50-9195-11e6-869f-cda5455e265a] - page.onError - msg: TypeError: undefined is not an object (evaluating 'this.el.addEventListener')

  phantomjs://platform/console++.js:263 in error
[ERROR - 2016-10-13T22:34:25.889Z] Session [171add50-9195-11e6-869f-cda5455e265a] - page.onError - stack:
  on (https://www.apple.com/v/apple-watch-series-2/a/built/scripts/main.built.js:2469)
  k (https://www.apple.com/v/apple-watch-series-2/a/built/scripts/main.built.js:2848)
  create (https://www.apple.com/v/apple-watch-series-2/a/built/scripts/main.built.js:2882)
  p (https://www.apple.com/v/apple-watch-series-2/a/built/scripts/main.built.js:2492)
  f (https://www.apple.com/v/apple-watch-series-2/a/built/scripts/main.built.js:2603)
  c (https://www.apple.com/v/apple-watch-series-2/a/built/scripts/main.built.js:2936)
  a (https://www.apple.com/v/apple-watch-series-2/a/built/scripts/main.built.js:2943)
  b (https://www.apple.com/v/apple-watch-series-2/a/built/scripts/main.built.js:2887)
  (anonymous function) (https://www.apple.com/v/apple-watch-series-2/a/built/scripts/main.built.js:2886)
  (anonymous function) (https://www.apple.com/v/apple-watch-series-2/a/built/scripts/main.built.js:5203)
  c (https://www.apple.com/v/apple-watch-series-2/a/built/scripts/main.built.js:3)
  e (https://www.apple.com/v/apple-watch-series-2/a/built/scripts/main.built.js:5)

  phantomjs://platform/console++.js:263 in error
[ERROR - 2016-10-13T22:34:28.708Z] Session [171add50-9195-11e6-869f-cda5455e265a] - page.onError - msg: TypeError: undefined is not an object (evaluating 'this.el.addEventListener')

  phantomjs://platform/console++.js:263 in error
[ERROR - 2016-10-13T22:34:28.708Z] Session [171add50-9195-11e6-869f-cda5455e265a] - page.onError - stack:
  on (https://www.apple.com/v/airpods/b/built/scripts/main.built.js:1430)
  k (https://www.apple.com/v/airpods/b/built/scripts/main.built.js:1809)
  create (https://www.apple.com/v/airpods/b/built/scripts/main.built.js:1843)
  p (https://www.apple.com/v/airpods/b/built/scripts/main.built.js:1453)
  f (https://www.apple.com/v/airpods/b/built/scripts/main.built.js:1564)
  c (https://www.apple.com/v/airpods/b/built/scripts/main.built.js:1890)
  a (https://www.apple.com/v/airpods/b/built/scripts/main.built.js:1897)
  _initialize (https://www.apple.com/v/airpods/b/built/scripts/main.built.js:3407)
  b (https://www.apple.com/v/airpods/b/built/scripts/main.built.js:3406)
  addComponentOfType (https://www.apple.com/v/airpods/b/built/scripts/main.built.js:2200)
  setupComponents (https://www.apple.com/v/airpods/b/built/scripts/main.built.js:2197)
  l (https://www.apple.com/v/airpods/b/built/scripts/main.built.js:2184)
  setupSections (https://www.apple.com/v/airpods/b/built/scripts/main.built.js:2133)
  i (https://www.apple.com/v/airpods/b/built/scripts/main.built.js:2111)
  initialize (https://www.apple.com/v/airpods/b/built/scripts/main.built.js:3493)
  (anonymous function) (https://www.apple.com/v/airpods/b/built/scripts/main.built.js:3496)
  c (https://www.apple.com/v/airpods/b/built/scripts/main.built.js:3)
  e (https://www.apple.com/v/airpods/b/built/scripts/main.built.js:5)

  phantomjs://platform/console++.js:263 in error
[ERROR - 2016-10-13T22:34:30.134Z] Session [171add50-9195-11e6-869f-cda5455e265a] - page.onError - msg: TypeError: null is not an object (evaluating 'this._target.addEventListener')

  phantomjs://platform/console++.js:263 in error
[ERROR - 2016-10-13T22:34:30.134Z] Session [171add50-9195-11e6-869f-cda5455e265a] - page.onError - stack:
  _bindEvents (https://www.apple.com/apple-events/scripts/head.built.js:1)
  o (https://www.apple.com/apple-events/scripts/head.built.js:1)
  (anonymous function) (https://www.apple.com/apple-events/scripts/head.built.js:1)

  phantomjs://platform/console++.js:263 in error
[ERROR - 2016-10-13T22:34:31.671Z] Session [171add50-9195-11e6-869f-cda5455e265a] - page.onError - msg: TypeError: undefined is not an object (evaluating 'this.el.addEventListener')

  phantomjs://platform/console++.js:263 in error
[ERROR - 2016-10-13T22:34:31.671Z] Session [171add50-9195-11e6-869f-cda5455e265a] - page.onError - stack:
  on (http://images.apple.com/apple-events/scripts/main.built.js:3)
  c (http://images.apple.com/apple-events/scripts/main.built.js:5)
  create (http://images.apple.com/apple-events/scripts/main.built.js:5)
  b (http://images.apple.com/apple-events/scripts/main.built.js:3)
  exports (http://images.apple.com/apple-events/scripts/main.built.js:4)
  createPlayer (http://images.apple.com/apple-events/scripts/main.built.js:6)
  setupTouchExperience (http://images.apple.com/apple-events/scripts/main.built.js:6)
  n (http://images.apple.com/apple-events/scripts/main.built.js:6)
  initRecapFilm (http://images.apple.com/apple-events/scripts/main.built.js:6)
  initEventPage (http://images.apple.com/apple-events/scripts/main.built.js:6)
  initialize (http://images.apple.com/apple-events/scripts/main.built.js:6)
  (anonymous function) (http://images.apple.com/apple-events/scripts/main.built.js:6)
  r (http://images.apple.com/apple-events/scripts/main.built.js:1)
  t (http://images.apple.com/apple-events/scripts/main.built.js:1)

  phantomjs://platform/console++.js:263 in error
[ERROR - 2016-10-13T22:36:50.372Z] Session [171add50-9195-11e6-869f-cda5455e265a] - page.onError - msg: TypeError: undefined is not an object (evaluating 'c.artboard.groups')

  phantomjs://platform/console++.js:263 in error
[ERROR - 2016-10-13T22:36:50.373Z] Session [171add50-9195-11e6-869f-cda5455e265a] - page.onError - stack:
  _getYValue (https://www.apple.com/v/diversity/c/built/scripts/main.built.js:2543)
  _updateElement (https://www.apple.com/v/diversity/c/built/scripts/main.built.js:2545)
  _createGraph (https://www.apple.com/v/diversity/c/built/scripts/main.built.js:2543)
  createAnimation (https://www.apple.com/v/diversity/c/built/scripts/main.built.js:2539)
  l (https://www.apple.com/v/diversity/c/built/scripts/main.built.js:2537)
  addComponentOfType (https://www.apple.com/v/diversity/c/built/scripts/main.built.js:1862)
  setupComponents (https://www.apple.com/v/diversity/c/built/scripts/main.built.js:1859)
  s (https://www.apple.com/v/diversity/c/built/scripts/main.built.js:1846)
  setupSections (https://www.apple.com/v/diversity/c/built/scripts/main.built.js:1796)
  z (https://www.apple.com/v/diversity/c/built/scripts/main.built.js:1774)
  initialize (https://www.apple.com/v/diversity/c/built/scripts/main.built.js:2367)
  (anonymous function) (https://www.apple.com/v/diversity/c/built/scripts/main.built.js:2367)
  m (https://www.apple.com/v/diversity/c/built/scripts/main.built.js:3)
  e (https://www.apple.com/v/diversity/c/built/scripts/main.built.js:5)

  phantomjs://platform/console++.js:263 in error
[ERROR - 2016-10-13T22:37:17.544Z] Session [171add50-9195-11e6-869f-cda5455e265a] - page.onError - msg: TypeError: undefined is not a constructor (evaluating 'Sizzle(a,b)')

  phantomjs://platform/console++.js:263 in error
[ERROR - 2016-10-13T22:37:17.545Z] Session [171add50-9195-11e6-869f-cda5455e265a] - page.onError - stack:
  selectAll (https://www.apple.com/global/ac_base/ac_base.js:1)
  (anonymous function) (https://www.apple.com/metrics/scripts/s_code_h.js:12)
  l (https://www.apple.com/global/ac_base/ac_base.js:1)

  phantomjs://platform/console++.js:263 in error
[ERROR - 2016-10-13T22:37:18.083Z] Session [171add50-9195-11e6-869f-cda5455e265a] - page.onError - msg: TypeError: undefined is not a constructor (evaluating 'Sizzle(a,b)')

  phantomjs://platform/console++.js:263 in error
[ERROR - 2016-10-13T22:37:18.083Z] Session [171add50-9195-11e6-869f-cda5455e265a] - page.onError - stack:
  selectAll (https://www.apple.com/global/ac_base/ac_base.js:1)
  ac___denotedElements (https://www.apple.com/global/ac_retina/ac_retina.js:1)
  ac___findDenotedElements (https://www.apple.com/global/ac_retina/ac_retina.js:1)
  ac_replace (https://www.apple.com/global/ac_retina/ac_retina.js:1)
  ac___setup (https://www.apple.com/global/ac_retina/ac_retina.js:1)
  (anonymous function) (https://www.apple.com/global/scripts/lib/prototype.js:391)

  phantomjs://platform/console++.js:263 in error
[ERROR - 2016-10-13T22:37:33.785Z] Session [171add50-9195-11e6-869f-cda5455e265a] - page.onError - msg: TypeError: undefined is not a constructor (evaluating 'new AC.GlobalNav()')

  phantomjs://platform/console++.js:263 in error
[ERROR - 2016-10-13T22:37:33.785Z] Session [171add50-9195-11e6-869f-cda5455e265a] - page.onError - stack:
  global code (https://locate.apple.com/:1)
  write (:0)

  phantomjs://platform/console++.js:263 in error
[ERROR - 2016-10-13T22:37:48.856Z] Session [171add50-9195-11e6-869f-cda5455e265a] - page.onError - msg: TypeError: null is not an object (evaluating 'n.classList')

  phantomjs://platform/console++.js:263 in error
[ERROR - 2016-10-13T22:37:48.858Z] Session [171add50-9195-11e6-869f-cda5455e265a] - page.onError - stack:
  exports (http://store.storeimages.cdn-apple.com/4973/store.apple.com/shop/rs-external/rel/external.js:6)
  htmlClass (http://store.storeimages.cdn-apple.com/4973/store.apple.com/shop/rs-external/rel/external.js:7)
  r (http://store.storeimages.cdn-apple.com/4973/store.apple.com/shop/rs-external/rel/external.js:7)
  (anonymous function) (http://store.storeimages.cdn-apple.com/4973/store.apple.com/shop/rs-external/rel/external.js:7)
  i (http://store.storeimages.cdn-apple.com/4973/store.apple.com/shop/rs-external/rel/external.js:1)
  (anonymous function) (http://store.storeimages.cdn-apple.com/4973/store.apple.com/shop/rs-external/rel/external.js:1)
  o (http://store.storeimages.cdn-apple.com/4973/store.apple.com/shop/rs-external/rel/external.js:1)

  phantomjs://platform/console++.js:263 in error
[ERROR - 2016-10-13T22:38:36.688Z] Session [171add50-9195-11e6-869f-cda5455e265a] - page.onError - msg: TypeError: undefined is not an object (evaluating 'this.el.addEventListener')

  phantomjs://platform/console++.js:263 in error
[ERROR - 2016-10-13T22:38:36.689Z] Session [171add50-9195-11e6-869f-cda5455e265a] - page.onError - stack:
  on (https://www.apple.com/v/iphone-7/c/built/scripts/main.built.js:4283)
  k (https://www.apple.com/v/iphone-7/c/built/scripts/main.built.js:4662)
  create (https://www.apple.com/v/iphone-7/c/built/scripts/main.built.js:4696)
  p (https://www.apple.com/v/iphone-7/c/built/scripts/main.built.js:4306)
  f (https://www.apple.com/v/iphone-7/c/built/scripts/main.built.js:4417)
  c (https://www.apple.com/v/iphone-7/c/built/scripts/main.built.js:2046)
  a (https://www.apple.com/v/iphone-7/c/built/scripts/main.built.js:2053)
  _createPlayerInstance (https://www.apple.com/v/iphone-7/c/built/scripts/main.built.js:4992)
  i (https://www.apple.com/v/iphone-7/c/built/scripts/main.built.js:4988)
  addComponentOfType (https://www.apple.com/v/iphone-7/c/built/scripts/main.built.js:2813)
  setupComponents (https://www.apple.com/v/iphone-7/c/built/scripts/main.built.js:2810)
  l (https://www.apple.com/v/iphone-7/c/built/scripts/main.built.js:2797)
  setupSections (https://www.apple.com/v/iphone-7/c/built/scripts/main.built.js:2746)
  setupSections (https://www.apple.com/v/iphone-7/c/built/scripts/main.built.js:770)
  i (https://www.apple.com/v/iphone-7/c/built/scripts/main.built.js:2724)
  h (https://www.apple.com/v/iphone-7/c/built/scripts/main.built.js:756)
  b (https://www.apple.com/v/iphone-7/c/built/scripts/main.built.js:5519)
  initialize (https://www.apple.com/v/iphone-7/c/built/scripts/main.built.js:5439)
  (anonymous function) (https://www.apple.com/v/iphone-7/c/built/scripts/main.built.js:5451)
  c (https://www.apple.com/v/iphone-7/c/built/scripts/main.built.js:3)
  e (https://www.apple.com/v/iphone-7/c/built/scripts/main.built.js:5)

  phantomjs://platform/console++.js:263 in error
[ERROR - 2016-10-13T22:38:38.810Z] Session [171add50-9195-11e6-869f-cda5455e265a] - page.onError - msg: TypeError: undefined is not an object (evaluating 'this.el.addEventListener')

  phantomjs://platform/console++.js:263 in error
[ERROR - 2016-10-13T22:38:38.810Z] Session [171add50-9195-11e6-869f-cda5455e265a] - page.onError - stack:
  on (https://www.apple.com/v/apple-watch-series-2/a/built/scripts/main.built.js:2469)
  k (https://www.apple.com/v/apple-watch-series-2/a/built/scripts/main.built.js:2848)
  create (https://www.apple.com/v/apple-watch-series-2/a/built/scripts/main.built.js:2882)
  p (https://www.apple.com/v/apple-watch-series-2/a/built/scripts/main.built.js:2492)
  f (https://www.apple.com/v/apple-watch-series-2/a/built/scripts/main.built.js:2603)
  c (https://www.apple.com/v/apple-watch-series-2/a/built/scripts/main.built.js:2936)
  a (https://www.apple.com/v/apple-watch-series-2/a/built/scripts/main.built.js:2943)
  b (https://www.apple.com/v/apple-watch-series-2/a/built/scripts/main.built.js:2887)
  (anonymous function) (https://www.apple.com/v/apple-watch-series-2/a/built/scripts/main.built.js:2886)
  (anonymous function) (https://www.apple.com/v/apple-watch-series-2/a/built/scripts/main.built.js:5203)
  c (https://www.apple.com/v/apple-watch-series-2/a/built/scripts/main.built.js:3)
  e (https://www.apple.com/v/apple-watch-series-2/a/built/scripts/main.built.js:5)

  phantomjs://platform/console++.js:263 in error
[INFO  - 2016-10-13T22:38:40.270Z] SessionManagerReqHand - _cleanupWindowlessSessions - Asynchronous Sessions clean-up phase starting NOW
[ERROR - 2016-10-13T22:38:40.929Z] Session [171add50-9195-11e6-869f-cda5455e265a] - page.onError - msg: TypeError: undefined is not an object (evaluating 'this.el.addEventListener')

  phantomjs://platform/console++.js:263 in error
[ERROR - 2016-10-13T22:38:40.930Z] Session [171add50-9195-11e6-869f-cda5455e265a] - page.onError - stack:
  on (https://www.apple.com/v/airpods/b/built/scripts/main.built.js:1430)
  k (https://www.apple.com/v/airpods/b/built/scripts/main.built.js:1809)
  create (https://www.apple.com/v/airpods/b/built/scripts/main.built.js:1843)
  p (https://www.apple.com/v/airpods/b/built/scripts/main.built.js:1453)
  f (https://www.apple.com/v/airpods/b/built/scripts/main.built.js:1564)
  c (https://www.apple.com/v/airpods/b/built/scripts/main.built.js:1890)
  a (https://www.apple.com/v/airpods/b/built/scripts/main.built.js:1897)
  _initialize (https://www.apple.com/v/airpods/b/built/scripts/main.built.js:3407)
  b (https://www.apple.com/v/airpods/b/built/scripts/main.built.js:3406)
  addComponentOfType (https://www.apple.com/v/airpods/b/built/scripts/main.built.js:2200)
  setupComponents (https://www.apple.com/v/airpods/b/built/scripts/main.built.js:2197)
  l (https://www.apple.com/v/airpods/b/built/scripts/main.built.js:2184)
  setupSections (https://www.apple.com/v/airpods/b/built/scripts/main.built.js:2133)
  i (https://www.apple.com/v/airpods/b/built/scripts/main.built.js:2111)
  initialize (https://www.apple.com/v/airpods/b/built/scripts/main.built.js:3493)
  (anonymous function) (https://www.apple.com/v/airpods/b/built/scripts/main.built.js:3496)
  c (https://www.apple.com/v/airpods/b/built/scripts/main.built.js:3)
  e (https://www.apple.com/v/airpods/b/built/scripts/main.built.js:5)

  phantomjs://platform/console++.js:263 in error
[ERROR - 2016-10-13T22:38:42.343Z] Session [171add50-9195-11e6-869f-cda5455e265a] - page.onError - msg: TypeError: null is not an object (evaluating 'this._target.addEventListener')

  phantomjs://platform/console++.js:263 in error
[ERROR - 2016-10-13T22:38:42.344Z] Session [171add50-9195-11e6-869f-cda5455e265a] - page.onError - stack:
  _bindEvents (https://www.apple.com/apple-events/scripts/head.built.js:1)
  o (https://www.apple.com/apple-events/scripts/head.built.js:1)
  (anonymous function) (https://www.apple.com/apple-events/scripts/head.built.js:1)

  phantomjs://platform/console++.js:263 in error
[ERROR - 2016-10-13T22:38:43.252Z] Session [171add50-9195-11e6-869f-cda5455e265a] - page.onError - msg: TypeError: undefined is not an object (evaluating 'this.el.addEventListener')

  phantomjs://platform/console++.js:263 in error
[ERROR - 2016-10-13T22:38:43.252Z] Session [171add50-9195-11e6-869f-cda5455e265a] - page.onError - stack:
  on (http://images.apple.com/apple-events/scripts/main.built.js:3)
  c (http://images.apple.com/apple-events/scripts/main.built.js:5)
  create (http://images.apple.com/apple-events/scripts/main.built.js:5)
  b (http://images.apple.com/apple-events/scripts/main.built.js:3)
  exports (http://images.apple.com/apple-events/scripts/main.built.js:4)
  createPlayer (http://images.apple.com/apple-events/scripts/main.built.js:6)
  setupTouchExperience (http://images.apple.com/apple-events/scripts/main.built.js:6)
  n (http://images.apple.com/apple-events/scripts/main.built.js:6)
  initRecapFilm (http://images.apple.com/apple-events/scripts/main.built.js:6)
  initEventPage (http://images.apple.com/apple-events/scripts/main.built.js:6)
  initialize (http://images.apple.com/apple-events/scripts/main.built.js:6)
  (anonymous function) (http://images.apple.com/apple-events/scripts/main.built.js:6)
  r (http://images.apple.com/apple-events/scripts/main.built.js:1)
  t (http://images.apple.com/apple-events/scripts/main.built.js:1)

  phantomjs://platform/console++.js:263 in error
[ERROR - 2016-10-13T22:40:51.860Z] Session [171add50-9195-11e6-869f-cda5455e265a] - page.onError - msg: TypeError: undefined is not an object (evaluating 'c.artboard.groups')

  phantomjs://platform/console++.js:263 in error
[ERROR - 2016-10-13T22:40:51.861Z] Session [171add50-9195-11e6-869f-cda5455e265a] - page.onError - stack:
  _getYValue (https://www.apple.com/v/diversity/c/built/scripts/main.built.js:2543)
  _updateElement (https://www.apple.com/v/diversity/c/built/scripts/main.built.js:2545)
  _createGraph (https://www.apple.com/v/diversity/c/built/scripts/main.built.js:2543)
  createAnimation (https://www.apple.com/v/diversity/c/built/scripts/main.built.js:2539)
  l (https://www.apple.com/v/diversity/c/built/scripts/main.built.js:2537)
  addComponentOfType (https://www.apple.com/v/diversity/c/built/scripts/main.built.js:1862)
  setupComponents (https://www.apple.com/v/diversity/c/built/scripts/main.built.js:1859)
  s (https://www.apple.com/v/diversity/c/built/scripts/main.built.js:1846)
  setupSections (https://www.apple.com/v/diversity/c/built/scripts/main.built.js:1796)
  z (https://www.apple.com/v/diversity/c/built/scripts/main.built.js:1774)
  initialize (https://www.apple.com/v/diversity/c/built/scripts/main.built.js:2367)
  (anonymous function) (https://www.apple.com/v/diversity/c/built/scripts/main.built.js:2367)
  m (https://www.apple.com/v/diversity/c/built/scripts/main.built.js:3)
  e (https://www.apple.com/v/diversity/c/built/scripts/main.built.js:5)

  phantomjs://platform/console++.js:263 in error
[ERROR - 2016-10-13T22:41:15.778Z] Session [171add50-9195-11e6-869f-cda5455e265a] - page.onError - msg: TypeError: undefined is not a constructor (evaluating 'Sizzle(a,b)')

  phantomjs://platform/console++.js:263 in error
[ERROR - 2016-10-13T22:41:15.779Z] Session [171add50-9195-11e6-869f-cda5455e265a] - page.onError - stack:
  selectAll (https://www.apple.com/global/ac_base/ac_base.js:1)
  (anonymous function) (https://www.apple.com/metrics/scripts/s_code_h.js:12)
  l (https://www.apple.com/global/ac_base/ac_base.js:1)

  phantomjs://platform/console++.js:263 in error
[ERROR - 2016-10-13T22:41:16.008Z] Session [171add50-9195-11e6-869f-cda5455e265a] - page.onError - msg: TypeError: undefined is not a constructor (evaluating 'Sizzle(a,b)')

  phantomjs://platform/console++.js:263 in error
[ERROR - 2016-10-13T22:41:16.008Z] Session [171add50-9195-11e6-869f-cda5455e265a] - page.onError - stack:
  selectAll (https://www.apple.com/global/ac_base/ac_base.js:1)
  ac___denotedElements (https://www.apple.com/global/ac_retina/ac_retina.js:1)
  ac___findDenotedElements (https://www.apple.com/global/ac_retina/ac_retina.js:1)
  ac_replace (https://www.apple.com/global/ac_retina/ac_retina.js:1)
  ac___setup (https://www.apple.com/global/ac_retina/ac_retina.js:1)
  (anonymous function) (https://www.apple.com/global/scripts/lib/prototype.js:391)

  phantomjs://platform/console++.js:263 in error
[ERROR - 2016-10-13T22:41:27.707Z] Session [171add50-9195-11e6-869f-cda5455e265a] - page.onError - msg: TypeError: undefined is not a constructor (evaluating 'new AC.GlobalNav()')

  phantomjs://platform/console++.js:263 in error
[ERROR - 2016-10-13T22:41:27.708Z] Session [171add50-9195-11e6-869f-cda5455e265a] - page.onError - stack:
  global code (https://locate.apple.com/:1)
  write (:0)

  phantomjs://platform/console++.js:263 in error
[ERROR - 2016-10-13T22:41:41.976Z] Session [171add50-9195-11e6-869f-cda5455e265a] - page.onError - msg: TypeError: null is not an object (evaluating 'n.classList')

  phantomjs://platform/console++.js:263 in error
[ERROR - 2016-10-13T22:41:41.976Z] Session [171add50-9195-11e6-869f-cda5455e265a] - page.onError - stack:
  exports (http://store.storeimages.cdn-apple.com/4973/store.apple.com/shop/rs-external/rel/external.js:6)
  htmlClass (http://store.storeimages.cdn-apple.com/4973/store.apple.com/shop/rs-external/rel/external.js:7)
  r (http://store.storeimages.cdn-apple.com/4973/store.apple.com/shop/rs-external/rel/external.js:7)
  (anonymous function) (http://store.storeimages.cdn-apple.com/4973/store.apple.com/shop/rs-external/rel/external.js:7)
  i (http://store.storeimages.cdn-apple.com/4973/store.apple.com/shop/rs-external/rel/external.js:1)
  (anonymous function) (http://store.storeimages.cdn-apple.com/4973/store.apple.com/shop/rs-external/rel/external.js:1)
  o (http://store.storeimages.cdn-apple.com/4973/store.apple.com/shop/rs-external/rel/external.js:1)

  phantomjs://platform/console++.js:263 in error
[ERROR - 2016-10-13T22:42:36.972Z] Session [171add50-9195-11e6-869f-cda5455e265a] - page.onError - msg: TypeError: undefined is not an object (evaluating 'this.el.addEventListener')

  phantomjs://platform/console++.js:263 in error
[ERROR - 2016-10-13T22:42:36.973Z] Session [171add50-9195-11e6-869f-cda5455e265a] - page.onError - stack:
  on (https://www.apple.com/v/iphone-7/c/built/scripts/main.built.js:4283)
  k (https://www.apple.com/v/iphone-7/c/built/scripts/main.built.js:4662)
  create (https://www.apple.com/v/iphone-7/c/built/scripts/main.built.js:4696)
  p (https://www.apple.com/v/iphone-7/c/built/scripts/main.built.js:4306)
  f (https://www.apple.com/v/iphone-7/c/built/scripts/main.built.js:4417)
  c (https://www.apple.com/v/iphone-7/c/built/scripts/main.built.js:2046)
  a (https://www.apple.com/v/iphone-7/c/built/scripts/main.built.js:2053)
  _createPlayerInstance (https://www.apple.com/v/iphone-7/c/built/scripts/main.built.js:4992)
  i (https://www.apple.com/v/iphone-7/c/built/scripts/main.built.js:4988)
  addComponentOfType (https://www.apple.com/v/iphone-7/c/built/scripts/main.built.js:2813)
  setupComponents (https://www.apple.com/v/iphone-7/c/built/scripts/main.built.js:2810)
  l (https://www.apple.com/v/iphone-7/c/built/scripts/main.built.js:2797)
  setupSections (https://www.apple.com/v/iphone-7/c/built/scripts/main.built.js:2746)
  setupSections (https://www.apple.com/v/iphone-7/c/built/scripts/main.built.js:770)
  i (https://www.apple.com/v/iphone-7/c/built/scripts/main.built.js:2724)
  h (https://www.apple.com/v/iphone-7/c/built/scripts/main.built.js:756)
  b (https://www.apple.com/v/iphone-7/c/built/scripts/main.built.js:5519)
  initialize (https://www.apple.com/v/iphone-7/c/built/scripts/main.built.js:5439)
  (anonymous function) (https://www.apple.com/v/iphone-7/c/built/scripts/main.built.js:5451)
  c (https://www.apple.com/v/iphone-7/c/built/scripts/main.built.js:3)
  e (https://www.apple.com/v/iphone-7/c/built/scripts/main.built.js:5)

  phantomjs://platform/console++.js:263 in error
[ERROR - 2016-10-13T22:42:39.157Z] Session [171add50-9195-11e6-869f-cda5455e265a] - page.onError - msg: TypeError: undefined is not an object (evaluating 'this.el.addEventListener')

  phantomjs://platform/console++.js:263 in error
[ERROR - 2016-10-13T22:42:39.157Z] Session [171add50-9195-11e6-869f-cda5455e265a] - page.onError - stack:
  on (https://www.apple.com/v/apple-watch-series-2/a/built/scripts/main.built.js:2469)
  k (https://www.apple.com/v/apple-watch-series-2/a/built/scripts/main.built.js:2848)
  create (https://www.apple.com/v/apple-watch-series-2/a/built/scripts/main.built.js:2882)
  p (https://www.apple.com/v/apple-watch-series-2/a/built/scripts/main.built.js:2492)
  f (https://www.apple.com/v/apple-watch-series-2/a/built/scripts/main.built.js:2603)
  c (https://www.apple.com/v/apple-watch-series-2/a/built/scripts/main.built.js:2936)
  a (https://www.apple.com/v/apple-watch-series-2/a/built/scripts/main.built.js:2943)
  b (https://www.apple.com/v/apple-watch-series-2/a/built/scripts/main.built.js:2887)
  (anonymous function) (https://www.apple.com/v/apple-watch-series-2/a/built/scripts/main.built.js:2886)
  (anonymous function) (https://www.apple.com/v/apple-watch-series-2/a/built/scripts/main.built.js:5203)
  c (https://www.apple.com/v/apple-watch-series-2/a/built/scripts/main.built.js:3)
  e (https://www.apple.com/v/apple-watch-series-2/a/built/scripts/main.built.js:5)

  phantomjs://platform/console++.js:263 in error
[ERROR - 2016-10-13T22:42:41.576Z] Session [171add50-9195-11e6-869f-cda5455e265a] - page.onError - msg: TypeError: undefined is not an object (evaluating 'this.el.addEventListener')

  phantomjs://platform/console++.js:263 in error
[ERROR - 2016-10-13T22:42:41.576Z] Session [171add50-9195-11e6-869f-cda5455e265a] - page.onError - stack:
  on (https://www.apple.com/v/airpods/b/built/scripts/main.built.js:1430)
  k (https://www.apple.com/v/airpods/b/built/scripts/main.built.js:1809)
  create (https://www.apple.com/v/airpods/b/built/scripts/main.built.js:1843)
  p (https://www.apple.com/v/airpods/b/built/scripts/main.built.js:1453)
  f (https://www.apple.com/v/airpods/b/built/scripts/main.built.js:1564)
  c (https://www.apple.com/v/airpods/b/built/scripts/main.built.js:1890)
  a (https://www.apple.com/v/airpods/b/built/scripts/main.built.js:1897)
  _initialize (https://www.apple.com/v/airpods/b/built/scripts/main.built.js:3407)
  b (https://www.apple.com/v/airpods/b/built/scripts/main.built.js:3406)
  addComponentOfType (https://www.apple.com/v/airpods/b/built/scripts/main.built.js:2200)
  setupComponents (https://www.apple.com/v/airpods/b/built/scripts/main.built.js:2197)
  l (https://www.apple.com/v/airpods/b/built/scripts/main.built.js:2184)
  setupSections (https://www.apple.com/v/airpods/b/built/scripts/main.built.js:2133)
  i (https://www.apple.com/v/airpods/b/built/scripts/main.built.js:2111)
  initialize (https://www.apple.com/v/airpods/b/built/scripts/main.built.js:3493)
  (anonymous function) (https://www.apple.com/v/airpods/b/built/scripts/main.built.js:3496)
  c (https://www.apple.com/v/airpods/b/built/scripts/main.built.js:3)
  e (https://www.apple.com/v/airpods/b/built/scripts/main.built.js:5)

  phantomjs://platform/console++.js:263 in error
[ERROR - 2016-10-13T22:42:43.071Z] Session [171add50-9195-11e6-869f-cda5455e265a] - page.onError - msg: TypeError: null is not an object (evaluating 'this._target.addEventListener')

  phantomjs://platform/console++.js:263 in error
[ERROR - 2016-10-13T22:42:43.071Z] Session [171add50-9195-11e6-869f-cda5455e265a] - page.onError - stack:
  _bindEvents (https://www.apple.com/apple-events/scripts/head.built.js:1)
  o (https://www.apple.com/apple-events/scripts/head.built.js:1)
  (anonymous function) (https://www.apple.com/apple-events/scripts/head.built.js:1)

  phantomjs://platform/console++.js:263 in error
[ERROR - 2016-10-13T22:42:44.926Z] Session [171add50-9195-11e6-869f-cda5455e265a] - page.onError - msg: TypeError: undefined is not an object (evaluating 'this.el.addEventListener')

  phantomjs://platform/console++.js:263 in error
[ERROR - 2016-10-13T22:42:44.926Z] Session [171add50-9195-11e6-869f-cda5455e265a] - page.onError - stack:
  on (http://images.apple.com/apple-events/scripts/main.built.js:3)
  c (http://images.apple.com/apple-events/scripts/main.built.js:5)
  create (http://images.apple.com/apple-events/scripts/main.built.js:5)
  b (http://images.apple.com/apple-events/scripts/main.built.js:3)
  exports (http://images.apple.com/apple-events/scripts/main.built.js:4)
  createPlayer (http://images.apple.com/apple-events/scripts/main.built.js:6)
  setupTouchExperience (http://images.apple.com/apple-events/scripts/main.built.js:6)
  n (http://images.apple.com/apple-events/scripts/main.built.js:6)
  initRecapFilm (http://images.apple.com/apple-events/scripts/main.built.js:6)
  initEventPage (http://images.apple.com/apple-events/scripts/main.built.js:6)
  initialize (http://images.apple.com/apple-events/scripts/main.built.js:6)
  (anonymous function) (http://images.apple.com/apple-events/scripts/main.built.js:6)
  r (http://images.apple.com/apple-events/scripts/main.built.js:1)
  t (http://images.apple.com/apple-events/scripts/main.built.js:1)

  phantomjs://platform/console++.js:263 in error
[INFO  - 2016-10-13T22:43:40.283Z] SessionManagerReqHand - _cleanupWindowlessSessions - Asynchronous Sessions clean-up phase starting NOW
[ERROR - 2016-10-13T22:44:57.751Z] Session [171add50-9195-11e6-869f-cda5455e265a] - page.onError - msg: TypeError: undefined is not an object (evaluating 'c.artboard.groups')

  phantomjs://platform/console++.js:263 in error
[ERROR - 2016-10-13T22:44:57.752Z] Session [171add50-9195-11e6-869f-cda5455e265a] - page.onError - stack:
  _getYValue (https://www.apple.com/v/diversity/c/built/scripts/main.built.js:2543)
  _updateElement (https://www.apple.com/v/diversity/c/built/scripts/main.built.js:2545)
  _createGraph (https://www.apple.com/v/diversity/c/built/scripts/main.built.js:2543)
  createAnimation (https://www.apple.com/v/diversity/c/built/scripts/main.built.js:2539)
  l (https://www.apple.com/v/diversity/c/built/scripts/main.built.js:2537)
  addComponentOfType (https://www.apple.com/v/diversity/c/built/scripts/main.built.js:1862)
  setupComponents (https://www.apple.com/v/diversity/c/built/scripts/main.built.js:1859)
  s (https://www.apple.com/v/diversity/c/built/scripts/main.built.js:1846)
  setupSections (https://www.apple.com/v/diversity/c/built/scripts/main.built.js:1796)
  z (https://www.apple.com/v/diversity/c/built/scripts/main.built.js:1774)
  initialize (https://www.apple.com/v/diversity/c/built/scripts/main.built.js:2367)
  (anonymous function) (https://www.apple.com/v/diversity/c/built/scripts/main.built.js:2367)
  m (https://www.apple.com/v/diversity/c/built/scripts/main.built.js:3)
  e (https://www.apple.com/v/diversity/c/built/scripts/main.built.js:5)

  phantomjs://platform/console++.js:263 in error
[ERROR - 2016-10-13T22:45:25.565Z] Session [171add50-9195-11e6-869f-cda5455e265a] - page.onError - msg: TypeError: undefined is not a constructor (evaluating 'Sizzle(a,b)')

  phantomjs://platform/console++.js:263 in error
[ERROR - 2016-10-13T22:45:25.566Z] Session [171add50-9195-11e6-869f-cda5455e265a] - page.onError - stack:
  selectAll (https://www.apple.com/global/ac_base/ac_base.js:1)
  (anonymous function) (https://www.apple.com/metrics/scripts/s_code_h.js:12)
  l (https://www.apple.com/global/ac_base/ac_base.js:1)

  phantomjs://platform/console++.js:263 in error
[ERROR - 2016-10-13T22:45:25.771Z] Session [171add50-9195-11e6-869f-cda5455e265a] - page.onError - msg: TypeError: undefined is not a constructor (evaluating 'Sizzle(a,b)')

  phantomjs://platform/console++.js:263 in error
[ERROR - 2016-10-13T22:45:25.771Z] Session [171add50-9195-11e6-869f-cda5455e265a] - page.onError - stack:
  selectAll (https://www.apple.com/global/ac_base/ac_base.js:1)
  ac___denotedElements (https://www.apple.com/global/ac_retina/ac_retina.js:1)
  ac___findDenotedElements (https://www.apple.com/global/ac_retina/ac_retina.js:1)
  ac_replace (https://www.apple.com/global/ac_retina/ac_retina.js:1)
  ac___setup (https://www.apple.com/global/ac_retina/ac_retina.js:1)
  (anonymous function) (https://www.apple.com/global/scripts/lib/prototype.js:391)

  phantomjs://platform/console++.js:263 in error
[ERROR - 2016-10-13T22:45:39.280Z] Session [171add50-9195-11e6-869f-cda5455e265a] - page.onError - msg: TypeError: undefined is not a constructor (evaluating 'new AC.GlobalNav()')

  phantomjs://platform/console++.js:263 in error
[ERROR - 2016-10-13T22:45:39.281Z] Session [171add50-9195-11e6-869f-cda5455e265a] - page.onError - stack:
  global code (https://locate.apple.com/:1)
  write (:0)

  phantomjs://platform/console++.js:263 in error
[ERROR - 2016-10-13T22:45:52.256Z] Session [171add50-9195-11e6-869f-cda5455e265a] - page.onError - msg: TypeError: null is not an object (evaluating 'n.classList')

  phantomjs://platform/console++.js:263 in error
[ERROR - 2016-10-13T22:45:52.257Z] Session [171add50-9195-11e6-869f-cda5455e265a] - page.onError - stack:
  exports (http://store.storeimages.cdn-apple.com/4973/store.apple.com/shop/rs-external/rel/external.js:6)
  htmlClass (http://store.storeimages.cdn-apple.com/4973/store.apple.com/shop/rs-external/rel/external.js:7)
  r (http://store.storeimages.cdn-apple.com/4973/store.apple.com/shop/rs-external/rel/external.js:7)
  (anonymous function) (http://store.storeimages.cdn-apple.com/4973/store.apple.com/shop/rs-external/rel/external.js:7)
  i (http://store.storeimages.cdn-apple.com/4973/store.apple.com/shop/rs-external/rel/external.js:1)
  (anonymous function) (http://store.storeimages.cdn-apple.com/4973/store.apple.com/shop/rs-external/rel/external.js:1)
  o (http://store.storeimages.cdn-apple.com/4973/store.apple.com/shop/rs-external/rel/external.js:1)

  phantomjs://platform/console++.js:263 in error
[ERROR - 2016-10-13T22:46:42.030Z] Session [171add50-9195-11e6-869f-cda5455e265a] - page.onError - msg: TypeError: undefined is not an object (evaluating 'this.el.addEventListener')

  phantomjs://platform/console++.js:263 in error
[ERROR - 2016-10-13T22:46:42.031Z] Session [171add50-9195-11e6-869f-cda5455e265a] - page.onError - stack:
  on (https://www.apple.com/v/iphone-7/c/built/scripts/main.built.js:4283)
  k (https://www.apple.com/v/iphone-7/c/built/scripts/main.built.js:4662)
  create (https://www.apple.com/v/iphone-7/c/built/scripts/main.built.js:4696)
  p (https://www.apple.com/v/iphone-7/c/built/scripts/main.built.js:4306)
  f (https://www.apple.com/v/iphone-7/c/built/scripts/main.built.js:4417)
  c (https://www.apple.com/v/iphone-7/c/built/scripts/main.built.js:2046)
  a (https://www.apple.com/v/iphone-7/c/built/scripts/main.built.js:2053)
  _createPlayerInstance (https://www.apple.com/v/iphone-7/c/built/scripts/main.built.js:4992)
  i (https://www.apple.com/v/iphone-7/c/built/scripts/main.built.js:4988)
  addComponentOfType (https://www.apple.com/v/iphone-7/c/built/scripts/main.built.js:2813)
  setupComponents (https://www.apple.com/v/iphone-7/c/built/scripts/main.built.js:2810)
  l (https://www.apple.com/v/iphone-7/c/built/scripts/main.built.js:2797)
  setupSections (https://www.apple.com/v/iphone-7/c/built/scripts/main.built.js:2746)
  setupSections (https://www.apple.com/v/iphone-7/c/built/scripts/main.built.js:770)
  i (https://www.apple.com/v/iphone-7/c/built/scripts/main.built.js:2724)
  h (https://www.apple.com/v/iphone-7/c/built/scripts/main.built.js:756)
  b (https://www.apple.com/v/iphone-7/c/built/scripts/main.built.js:5519)
  initialize (https://www.apple.com/v/iphone-7/c/built/scripts/main.built.js:5439)
  (anonymous function) (https://www.apple.com/v/iphone-7/c/built/scripts/main.built.js:5451)
  c (https://www.apple.com/v/iphone-7/c/built/scripts/main.built.js:3)
  e (https://www.apple.com/v/iphone-7/c/built/scripts/main.built.js:5)

  phantomjs://platform/console++.js:263 in error
[ERROR - 2016-10-13T22:46:44.818Z] Session [171add50-9195-11e6-869f-cda5455e265a] - page.onError - msg: TypeError: undefined is not an object (evaluating 'this.el.addEventListener')

  phantomjs://platform/console++.js:263 in error
[ERROR - 2016-10-13T22:46:44.818Z] Session [171add50-9195-11e6-869f-cda5455e265a] - page.onError - stack:
  on (https://www.apple.com/v/apple-watch-series-2/a/built/scripts/main.built.js:2469)
  k (https://www.apple.com/v/apple-watch-series-2/a/built/scripts/main.built.js:2848)
  create (https://www.apple.com/v/apple-watch-series-2/a/built/scripts/main.built.js:2882)
  p (https://www.apple.com/v/apple-watch-series-2/a/built/scripts/main.built.js:2492)
  f (https://www.apple.com/v/apple-watch-series-2/a/built/scripts/main.built.js:2603)
  c (https://www.apple.com/v/apple-watch-series-2/a/built/scripts/main.built.js:2936)
  a (https://www.apple.com/v/apple-watch-series-2/a/built/scripts/main.built.js:2943)
  b (https://www.apple.com/v/apple-watch-series-2/a/built/scripts/main.built.js:2887)
  (anonymous function) (https://www.apple.com/v/apple-watch-series-2/a/built/scripts/main.built.js:2886)
  (anonymous function) (https://www.apple.com/v/apple-watch-series-2/a/built/scripts/main.built.js:5203)
  c (https://www.apple.com/v/apple-watch-series-2/a/built/scripts/main.built.js:3)
  e (https://www.apple.com/v/apple-watch-series-2/a/built/scripts/main.built.js:5)

  phantomjs://platform/console++.js:263 in error
[ERROR - 2016-10-13T22:46:46.955Z] Session [171add50-9195-11e6-869f-cda5455e265a] - page.onError - msg: TypeError: undefined is not an object (evaluating 'this.el.addEventListener')

  phantomjs://platform/console++.js:263 in error
[ERROR - 2016-10-13T22:46:46.955Z] Session [171add50-9195-11e6-869f-cda5455e265a] - page.onError - stack:
  on (https://www.apple.com/v/airpods/b/built/scripts/main.built.js:1430)
  k (https://www.apple.com/v/airpods/b/built/scripts/main.built.js:1809)
  create (https://www.apple.com/v/airpods/b/built/scripts/main.built.js:1843)
  p (https://www.apple.com/v/airpods/b/built/scripts/main.built.js:1453)
  f (https://www.apple.com/v/airpods/b/built/scripts/main.built.js:1564)
  c (https://www.apple.com/v/airpods/b/built/scripts/main.built.js:1890)
  a (https://www.apple.com/v/airpods/b/built/scripts/main.built.js:1897)
  _initialize (https://www.apple.com/v/airpods/b/built/scripts/main.built.js:3407)
  b (https://www.apple.com/v/airpods/b/built/scripts/main.built.js:3406)
  addComponentOfType (https://www.apple.com/v/airpods/b/built/scripts/main.built.js:2200)
  setupComponents (https://www.apple.com/v/airpods/b/built/scripts/main.built.js:2197)
  l (https://www.apple.com/v/airpods/b/built/scripts/main.built.js:2184)
  setupSections (https://www.apple.com/v/airpods/b/built/scripts/main.built.js:2133)
  i (https://www.apple.com/v/airpods/b/built/scripts/main.built.js:2111)
  initialize (https://www.apple.com/v/airpods/b/built/scripts/main.built.js:3493)
  (anonymous function) (https://www.apple.com/v/airpods/b/built/scripts/main.built.js:3496)
  c (https://www.apple.com/v/airpods/b/built/scripts/main.built.js:3)
  e (https://www.apple.com/v/airpods/b/built/scripts/main.built.js:5)

  phantomjs://platform/console++.js:263 in error
[ERROR - 2016-10-13T22:46:48.932Z] Session [171add50-9195-11e6-869f-cda5455e265a] - page.onError - msg: TypeError: null is not an object (evaluating 'this._target.addEventListener')

  phantomjs://platform/console++.js:263 in error
[ERROR - 2016-10-13T22:46:48.933Z] Session [171add50-9195-11e6-869f-cda5455e265a] - page.onError - stack:
  _bindEvents (https://www.apple.com/apple-events/scripts/head.built.js:1)
  o (https://www.apple.com/apple-events/scripts/head.built.js:1)
  (anonymous function) (https://www.apple.com/apple-events/scripts/head.built.js:1)

  phantomjs://platform/console++.js:263 in error
[ERROR - 2016-10-13T22:46:49.498Z] Session [171add50-9195-11e6-869f-cda5455e265a] - page.onError - msg: TypeError: undefined is not an object (evaluating 'this.el.addEventListener')

  phantomjs://platform/console++.js:263 in error
[ERROR - 2016-10-13T22:46:49.499Z] Session [171add50-9195-11e6-869f-cda5455e265a] - page.onError - stack:
  on (http://images.apple.com/apple-events/scripts/main.built.js:3)
  c (http://images.apple.com/apple-events/scripts/main.built.js:5)
  create (http://images.apple.com/apple-events/scripts/main.built.js:5)
  b (http://images.apple.com/apple-events/scripts/main.built.js:3)
  exports (http://images.apple.com/apple-events/scripts/main.built.js:4)
  createPlayer (http://images.apple.com/apple-events/scripts/main.built.js:6)
  setupTouchExperience (http://images.apple.com/apple-events/scripts/main.built.js:6)
  n (http://images.apple.com/apple-events/scripts/main.built.js:6)
  initRecapFilm (http://images.apple.com/apple-events/scripts/main.built.js:6)
  initEventPage (http://images.apple.com/apple-events/scripts/main.built.js:6)
  initialize (http://images.apple.com/apple-events/scripts/main.built.js:6)
  (anonymous function) (http://images.apple.com/apple-events/scripts/main.built.js:6)
  r (http://images.apple.com/apple-events/scripts/main.built.js:1)
  t (http://images.apple.com/apple-events/scripts/main.built.js:1)

  phantomjs://platform/console++.js:263 in error
[INFO  - 2016-10-13T22:48:40.291Z] SessionManagerReqHand - _cleanupWindowlessSessions - Asynchronous Sessions clean-up phase starting NOW
[ERROR - 2016-10-13T22:48:55.120Z] Session [171add50-9195-11e6-869f-cda5455e265a] - page.onError - msg: TypeError: undefined is not an object (evaluating 'c.artboard.groups')

  phantomjs://platform/console++.js:263 in error
[ERROR - 2016-10-13T22:48:55.121Z] Session [171add50-9195-11e6-869f-cda5455e265a] - page.onError - stack:
  _getYValue (https://www.apple.com/v/diversity/c/built/scripts/main.built.js:2543)
  _updateElement (https://www.apple.com/v/diversity/c/built/scripts/main.built.js:2545)
  _createGraph (https://www.apple.com/v/diversity/c/built/scripts/main.built.js:2543)
  createAnimation (https://www.apple.com/v/diversity/c/built/scripts/main.built.js:2539)
  l (https://www.apple.com/v/diversity/c/built/scripts/main.built.js:2537)
  addComponentOfType (https://www.apple.com/v/diversity/c/built/scripts/main.built.js:1862)
  setupComponents (https://www.apple.com/v/diversity/c/built/scripts/main.built.js:1859)
  s (https://www.apple.com/v/diversity/c/built/scripts/main.built.js:1846)
  setupSections (https://www.apple.com/v/diversity/c/built/scripts/main.built.js:1796)
  z (https://www.apple.com/v/diversity/c/built/scripts/main.built.js:1774)
  initialize (https://www.apple.com/v/diversity/c/built/scripts/main.built.js:2367)
  (anonymous function) (https://www.apple.com/v/diversity/c/built/scripts/main.built.js:2367)
  m (https://www.apple.com/v/diversity/c/built/scripts/main.built.js:3)
  e (https://www.apple.com/v/diversity/c/built/scripts/main.built.js:5)

  phantomjs://platform/console++.js:263 in error
[ERROR - 2016-10-13T22:49:18.782Z] Session [171add50-9195-11e6-869f-cda5455e265a] - page.onError - msg: TypeError: undefined is not a constructor (evaluating 'Sizzle(a,b)')

  phantomjs://platform/console++.js:263 in error
[ERROR - 2016-10-13T22:49:18.783Z] Session [171add50-9195-11e6-869f-cda5455e265a] - page.onError - stack:
  selectAll (https://www.apple.com/global/ac_base/ac_base.js:1)
  (anonymous function) (https://www.apple.com/metrics/scripts/s_code_h.js:12)
  l (https://www.apple.com/global/ac_base/ac_base.js:1)

  phantomjs://platform/console++.js:263 in error
[ERROR - 2016-10-13T22:49:19.010Z] Session [171add50-9195-11e6-869f-cda5455e265a] - page.onError - msg: TypeError: undefined is not a constructor (evaluating 'Sizzle(a,b)')

  phantomjs://platform/console++.js:263 in error
[ERROR - 2016-10-13T22:49:19.010Z] Session [171add50-9195-11e6-869f-cda5455e265a] - page.onError - stack:
  selectAll (https://www.apple.com/global/ac_base/ac_base.js:1)
  ac___denotedElements (https://www.apple.com/global/ac_retina/ac_retina.js:1)
  ac___findDenotedElements (https://www.apple.com/global/ac_retina/ac_retina.js:1)
  ac_replace (https://www.apple.com/global/ac_retina/ac_retina.js:1)
  ac___setup (https://www.apple.com/global/ac_retina/ac_retina.js:1)
  (anonymous function) (https://www.apple.com/global/scripts/lib/prototype.js:391)

  phantomjs://platform/console++.js:263 in error
[ERROR - 2016-10-13T22:49:35.569Z] Session [171add50-9195-11e6-869f-cda5455e265a] - page.onError - msg: TypeError: undefined is not a constructor (evaluating 'new AC.GlobalNav()')

  phantomjs://platform/console++.js:263 in error
[ERROR - 2016-10-13T22:49:35.570Z] Session [171add50-9195-11e6-869f-cda5455e265a] - page.onError - stack:
  global code (https://locate.apple.com/:1)
  write (:0)

  phantomjs://platform/console++.js:263 in error
[ERROR - 2016-10-13T22:49:49.670Z] Session [171add50-9195-11e6-869f-cda5455e265a] - page.onError - msg: TypeError: null is not an object (evaluating 'n.classList')

  phantomjs://platform/console++.js:263 in error
[ERROR - 2016-10-13T22:49:49.670Z] Session [171add50-9195-11e6-869f-cda5455e265a] - page.onError - stack:
  exports (http://store.storeimages.cdn-apple.com/4973/store.apple.com/shop/rs-external/rel/external.js:6)
  htmlClass (http://store.storeimages.cdn-apple.com/4973/store.apple.com/shop/rs-external/rel/external.js:7)
  r (http://store.storeimages.cdn-apple.com/4973/store.apple.com/shop/rs-external/rel/external.js:7)
  (anonymous function) (http://store.storeimages.cdn-apple.com/4973/store.apple.com/shop/rs-external/rel/external.js:7)
  i (http://store.storeimages.cdn-apple.com/4973/store.apple.com/shop/rs-external/rel/external.js:1)
  (anonymous function) (http://store.storeimages.cdn-apple.com/4973/store.apple.com/shop/rs-external/rel/external.js:1)
  o (http://store.storeimages.cdn-apple.com/4973/store.apple.com/shop/rs-external/rel/external.js:1)

  phantomjs://platform/console++.js:263 in error
